<?xml version="1.0" encoding="UTF-8"?>
<!-- Generated by org.testng.reporters.JUnitReportReporter -->
<testsuite hostname="LAPTOP-S5PL5LUF" failures="0" tests="3" name="tests.CheckAttendanceTest" time="4.870" errors="0" timestamp="2025-07-04T10:16:35 NPT" skipped="0">
  <testcase classname="tests.CheckAttendanceTest" name="loginTest" time="1.253"/>
  <testcase classname="tests.CheckAttendanceTest" name="checkAttendance" time="3.007"/>
  <testcase classname="tests.CheckAttendanceTest" name="filterAttendance" time="0.610"/>
</testsuite> <!-- tests.CheckAttendanceTest -->
