<?xml version="1.0" encoding="UTF-8"?>
<!-- Generated by org.testng.reporters.JUnitReportReporter -->
<testsuite hostname="LAPTOP-S5PL5LUF" failures="0" tests="3" name="tests.CheckAttendanceTest" time="4.272" errors="0" timestamp="2025-07-03T14:17:29 NPT" skipped="0">
  <testcase classname="tests.CheckAttendanceTest" name="loginTest" time="0.967"/>
  <testcase classname="tests.CheckAttendanceTest" name="checkAttendance" time="2.697"/>
  <testcase classname="tests.CheckAttendanceTest" name="filterAttendance" time="0.608"/>
</testsuite> <!-- tests.CheckAttendanceTest -->
