<?xml version="1.0" encoding="UTF-8"?>
<!-- Generated by org.testng.reporters.JUnitReportReporter -->
<testsuite hostname="LAPTOP-S5PL5LUF" failures="0" tests="1" name="tests.BaseTest" time="0.891" errors="0" timestamp="2025-07-03T14:17:29 NPT" skipped="0">
  <testcase classname="tests.BaseTest" name="loginTest" time="0.891"/>
</testsuite> <!-- tests.BaseTest -->
