<?xml version="1.0" encoding="UTF-8"?>
<!-- Generated by org.testng.reporters.JUnitReportReporter -->
<testsuite hostname="LAPTOP-S5PL5LUF" failures="0" tests="1" name="tests.LoginTest" time="1.122" errors="0" timestamp="2025-07-04T10:16:35 NPT" skipped="0">
  <testcase classname="tests.LoginTest" name="loginTest" time="1.122"/>
</testsuite> <!-- tests.LoginTest -->
